==3428== Memcheck, a memory error detector
==3428== Copyright (C) 2002-2017, and GNU GPL'd, by Julian Seward et al.
==3428== Using Valgrind-3.18.1 and LibVEX; rerun with -h for copyright info
==3428== Command: ./testa_rainhas
==3428== Parent PID: 3356
==3428== 
==3428== Invalid read of size 4
==3428==    at 0x1CED27: checa_ataque(std::vector<std::vector<int, std::allocator<int> >, std::allocator<std::vector<int, std::allocator<int> > > >, std::__cxx11::basic_string<char, std::char_traits<char>, std::allocator<char> >) (in /home/soulares/UnB/MP/T2/MP_T2/testa_rainhas)
==3428==    by 0x1D02A3: checa_rainha(std::__cxx11::basic_string<char, std::char_traits<char>, std::allocator<char> >) (in /home/soulares/UnB/MP/T2/MP_T2/testa_rainhas)
==3428==    by 0x22BC34: ____C_A_T_C_H____T_E_S_T____0() (testa_rainhas.cpp:8)
==3428==    by 0x204943: Catch::TestInvokerAsFunction::invoke() const (catch.hpp:14321)
==3428==    by 0x202C0C: Catch::TestCase::invoke() const (catch.hpp:14160)
==3428==    by 0x1F6C93: Catch::RunContext::invokeActiveTestCase() (catch.hpp:13020)
==3428==    by 0x1F661B: Catch::RunContext::runCurrentTest(std::__cxx11::basic_string<char, std::char_traits<char>, std::allocator<char> >&, std::__cxx11::basic_string<char, std::char_traits<char>, std::allocator<char> >&) (catch.hpp:12993)
==3428==    by 0x1F401B: Catch::RunContext::runTest(Catch::TestCase const&) (catch.hpp:12754)
==3428==    by 0x1F9EAB: Catch::(anonymous namespace)::TestGroup::execute() (catch.hpp:13347)
==3428==    by 0x1FCB89: Catch::Session::runInternal() (catch.hpp:13553)
==3428==    by 0x1FC55D: Catch::Session::run() (catch.hpp:13509)
==3428==    by 0x27E98C: int Catch::Session::run<char>(int, char const* const*) (catch.hpp:13231)
==3428==  Address 0x4e5db50 is 0 bytes after a block of size 32 alloc'd
==3428==    at 0x4849013: operator new(unsigned long) (in /usr/libexec/valgrind/vgpreload_memcheck-amd64-linux.so)
==3428==    by 0x1D35AB: __gnu_cxx::new_allocator<int>::allocate(unsigned long, void const*) (in /home/soulares/UnB/MP/T2/MP_T2/testa_rainhas)
==3428==    by 0x1D2F30: std::allocator_traits<std::allocator<int> >::allocate(std::allocator<int>&, unsigned long) (in /home/soulares/UnB/MP/T2/MP_T2/testa_rainhas)
==3428==    by 0x1D2761: std::_Vector_base<int, std::allocator<int> >::_M_allocate(unsigned long) (in /home/soulares/UnB/MP/T2/MP_T2/testa_rainhas)
==3428==    by 0x1D3732: std::_Vector_base<int, std::allocator<int> >::_M_create_storage(unsigned long) (in /home/soulares/UnB/MP/T2/MP_T2/testa_rainhas)
==3428==    by 0x1D3162: std::_Vector_base<int, std::allocator<int> >::_Vector_base(unsigned long, std::allocator<int> const&) (in /home/soulares/UnB/MP/T2/MP_T2/testa_rainhas)
==3428==    by 0x1D2B64: std::vector<int, std::allocator<int> >::vector(std::vector<int, std::allocator<int> > const&) (in /home/soulares/UnB/MP/T2/MP_T2/testa_rainhas)
==3428==    by 0x1D34B9: void std::_Construct<std::vector<int, std::allocator<int> >, std::vector<int, std::allocator<int> > const&>(std::vector<int, std::allocator<int> >*, std::vector<int, std::allocator<int> > const&) (in /home/soulares/UnB/MP/T2/MP_T2/testa_rainhas)
==3428==    by 0x1D2DD3: std::vector<int, std::allocator<int> >* std::__uninitialized_copy<false>::__uninit_copy<__gnu_cxx::__normal_iterator<std::vector<int, std::allocator<int> > const*, std::vector<std::vector<int, std::allocator<int> >, std::allocator<std::vector<int, std::allocator<int> > > > >, std::vector<int, std::allocator<int> >*>(__gnu_cxx::__normal_iterator<std::vector<int, std::allocator<int> > const*, std::vector<std::vector<int, std::allocator<int> >, std::allocator<std::vector<int, std::allocator<int> > > > >, __gnu_cxx::__normal_iterator<std::vector<int, std::allocator<int> > const*, std::vector<std::vector<int, std::allocator<int> >, std::allocator<std::vector<int, std::allocator<int> > > > >, std::vector<int, std::allocator<int> >*) (in /home/soulares/UnB/MP/T2/MP_T2/testa_rainhas)
==3428==    by 0x1D256F: std::vector<int, std::allocator<int> >* std::uninitialized_copy<__gnu_cxx::__normal_iterator<std::vector<int, std::allocator<int> > const*, std::vector<std::vector<int, std::allocator<int> >, std::allocator<std::vector<int, std::allocator<int> > > > >, std::vector<int, std::allocator<int> >*>(__gnu_cxx::__normal_iterator<std::vector<int, std::allocator<int> > const*, std::vector<std::vector<int, std::allocator<int> >, std::allocator<std::vector<int, std::allocator<int> > > > >, __gnu_cxx::__normal_iterator<std::vector<int, std::allocator<int> > const*, std::vector<std::vector<int, std::allocator<int> >, std::allocator<std::vector<int, std::allocator<int> > > > >, std::vector<int, std::allocator<int> >*) (in /home/soulares/UnB/MP/T2/MP_T2/testa_rainhas)
==3428==    by 0x1D18B6: std::vector<int, std::allocator<int> >* std::__uninitialized_copy_a<__gnu_cxx::__normal_iterator<std::vector<int, std::allocator<int> > const*, std::vector<std::vector<int, std::allocator<int> >, std::allocator<std::vector<int, std::allocator<int> > > > >, std::vector<int, std::allocator<int> >*, std::vector<int, std::allocator<int> > >(__gnu_cxx::__normal_iterator<std::vector<int, std::allocator<int> > const*, std::vector<std::vector<int, std::allocator<int> >, std::allocator<std::vector<int, std::allocator<int> > > > >, __gnu_cxx::__normal_iterator<std::vector<int, std::allocator<int> > const*, std::vector<std::vector<int, std::allocator<int> >, std::allocator<std::vector<int, std::allocator<int> > > > >, std::vector<int, std::allocator<int> >*, std::allocator<std::vector<int, std::allocator<int> > >&) (in /home/soulares/UnB/MP/T2/MP_T2/testa_rainhas)
==3428==    by 0x1D0C80: std::vector<std::vector<int, std::allocator<int> >, std::allocator<std::vector<int, std::allocator<int> > > >::vector(std::vector<std::vector<int, std::allocator<int> >, std::allocator<std::vector<int, std::allocator<int> > > > const&) (in /home/soulares/UnB/MP/T2/MP_T2/testa_rainhas)
==3428== 
==3428== Invalid read of size 4
==3428==    at 0x1CF38B: checa_ataque(std::vector<std::vector<int, std::allocator<int> >, std::allocator<std::vector<int, std::allocator<int> > > >, std::__cxx11::basic_string<char, std::char_traits<char>, std::allocator<char> >) (in /home/soulares/UnB/MP/T2/MP_T2/testa_rainhas)
==3428==    by 0x1D02A3: checa_rainha(std::__cxx11::basic_string<char, std::char_traits<char>, std::allocator<char> >) (in /home/soulares/UnB/MP/T2/MP_T2/testa_rainhas)
==3428==    by 0x22BC34: ____C_A_T_C_H____T_E_S_T____0() (testa_rainhas.cpp:8)
==3428==    by 0x204943: Catch::TestInvokerAsFunction::invoke() const (catch.hpp:14321)
==3428==    by 0x202C0C: Catch::TestCase::invoke() const (catch.hpp:14160)
==3428==    by 0x1F6C93: Catch::RunContext::invokeActiveTestCase() (catch.hpp:13020)
==3428==    by 0x1F661B: Catch::RunContext::runCurrentTest(std::__cxx11::basic_string<char, std::char_traits<char>, std::allocator<char> >&, std::__cxx11::basic_string<char, std::char_traits<char>, std::allocator<char> >&) (catch.hpp:12993)
==3428==    by 0x1F401B: Catch::RunContext::runTest(Catch::TestCase const&) (catch.hpp:12754)
==3428==    by 0x1F9EAB: Catch::(anonymous namespace)::TestGroup::execute() (catch.hpp:13347)
==3428==    by 0x1FCB89: Catch::Session::runInternal() (catch.hpp:13553)
==3428==    by 0x1FC55D: Catch::Session::run() (catch.hpp:13509)
==3428==    by 0x27E98C: int Catch::Session::run<char>(int, char const* const*) (catch.hpp:13231)
==3428==  Address 0x4e5db8c is 4 bytes before a block of size 32 alloc'd
==3428==    at 0x4849013: operator new(unsigned long) (in /usr/libexec/valgrind/vgpreload_memcheck-amd64-linux.so)
==3428==    by 0x1D35AB: __gnu_cxx::new_allocator<int>::allocate(unsigned long, void const*) (in /home/soulares/UnB/MP/T2/MP_T2/testa_rainhas)
==3428==    by 0x1D2F30: std::allocator_traits<std::allocator<int> >::allocate(std::allocator<int>&, unsigned long) (in /home/soulares/UnB/MP/T2/MP_T2/testa_rainhas)
==3428==    by 0x1D2761: std::_Vector_base<int, std::allocator<int> >::_M_allocate(unsigned long) (in /home/soulares/UnB/MP/T2/MP_T2/testa_rainhas)
==3428==    by 0x1D3732: std::_Vector_base<int, std::allocator<int> >::_M_create_storage(unsigned long) (in /home/soulares/UnB/MP/T2/MP_T2/testa_rainhas)
==3428==    by 0x1D3162: std::_Vector_base<int, std::allocator<int> >::_Vector_base(unsigned long, std::allocator<int> const&) (in /home/soulares/UnB/MP/T2/MP_T2/testa_rainhas)
==3428==    by 0x1D2B64: std::vector<int, std::allocator<int> >::vector(std::vector<int, std::allocator<int> > const&) (in /home/soulares/UnB/MP/T2/MP_T2/testa_rainhas)
==3428==    by 0x1D34B9: void std::_Construct<std::vector<int, std::allocator<int> >, std::vector<int, std::allocator<int> > const&>(std::vector<int, std::allocator<int> >*, std::vector<int, std::allocator<int> > const&) (in /home/soulares/UnB/MP/T2/MP_T2/testa_rainhas)
==3428==    by 0x1D2DD3: std::vector<int, std::allocator<int> >* std::__uninitialized_copy<false>::__uninit_copy<__gnu_cxx::__normal_iterator<std::vector<int, std::allocator<int> > const*, std::vector<std::vector<int, std::allocator<int> >, std::allocator<std::vector<int, std::allocator<int> > > > >, std::vector<int, std::allocator<int> >*>(__gnu_cxx::__normal_iterator<std::vector<int, std::allocator<int> > const*, std::vector<std::vector<int, std::allocator<int> >, std::allocator<std::vector<int, std::allocator<int> > > > >, __gnu_cxx::__normal_iterator<std::vector<int, std::allocator<int> > const*, std::vector<std::vector<int, std::allocator<int> >, std::allocator<std::vector<int, std::allocator<int> > > > >, std::vector<int, std::allocator<int> >*) (in /home/soulares/UnB/MP/T2/MP_T2/testa_rainhas)
==3428==    by 0x1D256F: std::vector<int, std::allocator<int> >* std::uninitialized_copy<__gnu_cxx::__normal_iterator<std::vector<int, std::allocator<int> > const*, std::vector<std::vector<int, std::allocator<int> >, std::allocator<std::vector<int, std::allocator<int> > > > >, std::vector<int, std::allocator<int> >*>(__gnu_cxx::__normal_iterator<std::vector<int, std::allocator<int> > const*, std::vector<std::vector<int, std::allocator<int> >, std::allocator<std::vector<int, std::allocator<int> > > > >, __gnu_cxx::__normal_iterator<std::vector<int, std::allocator<int> > const*, std::vector<std::vector<int, std::allocator<int> >, std::allocator<std::vector<int, std::allocator<int> > > > >, std::vector<int, std::allocator<int> >*) (in /home/soulares/UnB/MP/T2/MP_T2/testa_rainhas)
==3428==    by 0x1D18B6: std::vector<int, std::allocator<int> >* std::__uninitialized_copy_a<__gnu_cxx::__normal_iterator<std::vector<int, std::allocator<int> > const*, std::vector<std::vector<int, std::allocator<int> >, std::allocator<std::vector<int, std::allocator<int> > > > >, std::vector<int, std::allocator<int> >*, std::vector<int, std::allocator<int> > >(__gnu_cxx::__normal_iterator<std::vector<int, std::allocator<int> > const*, std::vector<std::vector<int, std::allocator<int> >, std::allocator<std::vector<int, std::allocator<int> > > > >, __gnu_cxx::__normal_iterator<std::vector<int, std::allocator<int> > const*, std::vector<std::vector<int, std::allocator<int> >, std::allocator<std::vector<int, std::allocator<int> > > > >, std::vector<int, std::allocator<int> >*, std::allocator<std::vector<int, std::allocator<int> > >&) (in /home/soulares/UnB/MP/T2/MP_T2/testa_rainhas)
==3428==    by 0x1D0C80: std::vector<std::vector<int, std::allocator<int> >, std::allocator<std::vector<int, std::allocator<int> > > >::vector(std::vector<std::vector<int, std::allocator<int> >, std::allocator<std::vector<int, std::allocator<int> > > > const&) (in /home/soulares/UnB/MP/T2/MP_T2/testa_rainhas)
==3428== 
==3428== Invalid read of size 4
==3428==    at 0x1CF059: checa_ataque(std::vector<std::vector<int, std::allocator<int> >, std::allocator<std::vector<int, std::allocator<int> > > >, std::__cxx11::basic_string<char, std::char_traits<char>, std::allocator<char> >) (in /home/soulares/UnB/MP/T2/MP_T2/testa_rainhas)
==3428==    by 0x1D02A3: checa_rainha(std::__cxx11::basic_string<char, std::char_traits<char>, std::allocator<char> >) (in /home/soulares/UnB/MP/T2/MP_T2/testa_rainhas)
==3428==    by 0x22BC34: ____C_A_T_C_H____T_E_S_T____0() (testa_rainhas.cpp:8)
==3428==    by 0x204943: Catch::TestInvokerAsFunction::invoke() const (catch.hpp:14321)
==3428==    by 0x202C0C: Catch::TestCase::invoke() const (catch.hpp:14160)
==3428==    by 0x1F6C93: Catch::RunContext::invokeActiveTestCase() (catch.hpp:13020)
==3428==    by 0x1F661B: Catch::RunContext::runCurrentTest(std::__cxx11::basic_string<char, std::char_traits<char>, std::allocator<char> >&, std::__cxx11::basic_string<char, std::char_traits<char>, std::allocator<char> >&) (catch.hpp:12993)
==3428==    by 0x1F401B: Catch::RunContext::runTest(Catch::TestCase const&) (catch.hpp:12754)
==3428==    by 0x1F9EAB: Catch::(anonymous namespace)::TestGroup::execute() (catch.hpp:13347)
==3428==    by 0x1FCB89: Catch::Session::runInternal() (catch.hpp:13553)
==3428==    by 0x1FC55D: Catch::Session::run() (catch.hpp:13509)
==3428==    by 0x27E98C: int Catch::Session::run<char>(int, char const* const*) (catch.hpp:13231)
==3428==  Address 0x4e5da0c is 4 bytes before a block of size 32 alloc'd
==3428==    at 0x4849013: operator new(unsigned long) (in /usr/libexec/valgrind/vgpreload_memcheck-amd64-linux.so)
==3428==    by 0x1D35AB: __gnu_cxx::new_allocator<int>::allocate(unsigned long, void const*) (in /home/soulares/UnB/MP/T2/MP_T2/testa_rainhas)
==3428==    by 0x1D2F30: std::allocator_traits<std::allocator<int> >::allocate(std::allocator<int>&, unsigned long) (in /home/soulares/UnB/MP/T2/MP_T2/testa_rainhas)
==3428==    by 0x1D2761: std::_Vector_base<int, std::allocator<int> >::_M_allocate(unsigned long) (in /home/soulares/UnB/MP/T2/MP_T2/testa_rainhas)
==3428==    by 0x1D3732: std::_Vector_base<int, std::allocator<int> >::_M_create_storage(unsigned long) (in /home/soulares/UnB/MP/T2/MP_T2/testa_rainhas)
==3428==    by 0x1D3162: std::_Vector_base<int, std::allocator<int> >::_Vector_base(unsigned long, std::allocator<int> const&) (in /home/soulares/UnB/MP/T2/MP_T2/testa_rainhas)
==3428==    by 0x1D2B64: std::vector<int, std::allocator<int> >::vector(std::vector<int, std::allocator<int> > const&) (in /home/soulares/UnB/MP/T2/MP_T2/testa_rainhas)
==3428==    by 0x1D34B9: void std::_Construct<std::vector<int, std::allocator<int> >, std::vector<int, std::allocator<int> > const&>(std::vector<int, std::allocator<int> >*, std::vector<int, std::allocator<int> > const&) (in /home/soulares/UnB/MP/T2/MP_T2/testa_rainhas)
==3428==    by 0x1D2DD3: std::vector<int, std::allocator<int> >* std::__uninitialized_copy<false>::__uninit_copy<__gnu_cxx::__normal_iterator<std::vector<int, std::allocator<int> > const*, std::vector<std::vector<int, std::allocator<int> >, std::allocator<std::vector<int, std::allocator<int> > > > >, std::vector<int, std::allocator<int> >*>(__gnu_cxx::__normal_iterator<std::vector<int, std::allocator<int> > const*, std::vector<std::vector<int, std::allocator<int> >, std::allocator<std::vector<int, std::allocator<int> > > > >, __gnu_cxx::__normal_iterator<std::vector<int, std::allocator<int> > const*, std::vector<std::vector<int, std::allocator<int> >, std::allocator<std::vector<int, std::allocator<int> > > > >, std::vector<int, std::allocator<int> >*) (in /home/soulares/UnB/MP/T2/MP_T2/testa_rainhas)
==3428==    by 0x1D256F: std::vector<int, std::allocator<int> >* std::uninitialized_copy<__gnu_cxx::__normal_iterator<std::vector<int, std::allocator<int> > const*, std::vector<std::vector<int, std::allocator<int> >, std::allocator<std::vector<int, std::allocator<int> > > > >, std::vector<int, std::allocator<int> >*>(__gnu_cxx::__normal_iterator<std::vector<int, std::allocator<int> > const*, std::vector<std::vector<int, std::allocator<int> >, std::allocator<std::vector<int, std::allocator<int> > > > >, __gnu_cxx::__normal_iterator<std::vector<int, std::allocator<int> > const*, std::vector<std::vector<int, std::allocator<int> >, std::allocator<std::vector<int, std::allocator<int> > > > >, std::vector<int, std::allocator<int> >*) (in /home/soulares/UnB/MP/T2/MP_T2/testa_rainhas)
==3428==    by 0x1D18B6: std::vector<int, std::allocator<int> >* std::__uninitialized_copy_a<__gnu_cxx::__normal_iterator<std::vector<int, std::allocator<int> > const*, std::vector<std::vector<int, std::allocator<int> >, std::allocator<std::vector<int, std::allocator<int> > > > >, std::vector<int, std::allocator<int> >*, std::vector<int, std::allocator<int> > >(__gnu_cxx::__normal_iterator<std::vector<int, std::allocator<int> > const*, std::vector<std::vector<int, std::allocator<int> >, std::allocator<std::vector<int, std::allocator<int> > > > >, __gnu_cxx::__normal_iterator<std::vector<int, std::allocator<int> > const*, std::vector<std::vector<int, std::allocator<int> >, std::allocator<std::vector<int, std::allocator<int> > > > >, std::vector<int, std::allocator<int> >*, std::allocator<std::vector<int, std::allocator<int> > >&) (in /home/soulares/UnB/MP/T2/MP_T2/testa_rainhas)
==3428==    by 0x1D0C80: std::vector<std::vector<int, std::allocator<int> >, std::allocator<std::vector<int, std::allocator<int> > > >::vector(std::vector<std::vector<int, std::allocator<int> >, std::allocator<std::vector<int, std::allocator<int> > > > const&) (in /home/soulares/UnB/MP/T2/MP_T2/testa_rainhas)
==3428== 
==3428== Invalid read of size 4
==3428==    at 0x1CED27: checa_ataque(std::vector<std::vector<int, std::allocator<int> >, std::allocator<std::vector<int, std::allocator<int> > > >, std::__cxx11::basic_string<char, std::char_traits<char>, std::allocator<char> >) (in /home/soulares/UnB/MP/T2/MP_T2/testa_rainhas)
==3428==    by 0x1D02A3: checa_rainha(std::__cxx11::basic_string<char, std::char_traits<char>, std::allocator<char> >) (in /home/soulares/UnB/MP/T2/MP_T2/testa_rainhas)
==3428==    by 0x22DDAC: ____C_A_T_C_H____T_E_S_T____14() (testa_rainhas.cpp:36)
==3428==    by 0x204943: Catch::TestInvokerAsFunction::invoke() const (catch.hpp:14321)
==3428==    by 0x202C0C: Catch::TestCase::invoke() const (catch.hpp:14160)
==3428==    by 0x1F6C93: Catch::RunContext::invokeActiveTestCase() (catch.hpp:13020)
==3428==    by 0x1F661B: Catch::RunContext::runCurrentTest(std::__cxx11::basic_string<char, std::char_traits<char>, std::allocator<char> >&, std::__cxx11::basic_string<char, std::char_traits<char>, std::allocator<char> >&) (catch.hpp:12993)
==3428==    by 0x1F401B: Catch::RunContext::runTest(Catch::TestCase const&) (catch.hpp:12754)
==3428==    by 0x1F9EAB: Catch::(anonymous namespace)::TestGroup::execute() (catch.hpp:13347)
==3428==    by 0x1FCB89: Catch::Session::runInternal() (catch.hpp:13553)
==3428==    by 0x1FC55D: Catch::Session::run() (catch.hpp:13509)
==3428==    by 0x27E98C: int Catch::Session::run<char>(int, char const* const*) (catch.hpp:13231)
==3428==  Address 0x4e75080 is 0 bytes after a block of size 32 alloc'd
==3428==    at 0x4849013: operator new(unsigned long) (in /usr/libexec/valgrind/vgpreload_memcheck-amd64-linux.so)
==3428==    by 0x1D35AB: __gnu_cxx::new_allocator<int>::allocate(unsigned long, void const*) (in /home/soulares/UnB/MP/T2/MP_T2/testa_rainhas)
==3428==    by 0x1D2F30: std::allocator_traits<std::allocator<int> >::allocate(std::allocator<int>&, unsigned long) (in /home/soulares/UnB/MP/T2/MP_T2/testa_rainhas)
==3428==    by 0x1D2761: std::_Vector_base<int, std::allocator<int> >::_M_allocate(unsigned long) (in /home/soulares/UnB/MP/T2/MP_T2/testa_rainhas)
==3428==    by 0x1D3732: std::_Vector_base<int, std::allocator<int> >::_M_create_storage(unsigned long) (in /home/soulares/UnB/MP/T2/MP_T2/testa_rainhas)
==3428==    by 0x1D3162: std::_Vector_base<int, std::allocator<int> >::_Vector_base(unsigned long, std::allocator<int> const&) (in /home/soulares/UnB/MP/T2/MP_T2/testa_rainhas)
==3428==    by 0x1D2B64: std::vector<int, std::allocator<int> >::vector(std::vector<int, std::allocator<int> > const&) (in /home/soulares/UnB/MP/T2/MP_T2/testa_rainhas)
==3428==    by 0x1D34B9: void std::_Construct<std::vector<int, std::allocator<int> >, std::vector<int, std::allocator<int> > const&>(std::vector<int, std::allocator<int> >*, std::vector<int, std::allocator<int> > const&) (in /home/soulares/UnB/MP/T2/MP_T2/testa_rainhas)
==3428==    by 0x1D2DD3: std::vector<int, std::allocator<int> >* std::__uninitialized_copy<false>::__uninit_copy<__gnu_cxx::__normal_iterator<std::vector<int, std::allocator<int> > const*, std::vector<std::vector<int, std::allocator<int> >, std::allocator<std::vector<int, std::allocator<int> > > > >, std::vector<int, std::allocator<int> >*>(__gnu_cxx::__normal_iterator<std::vector<int, std::allocator<int> > const*, std::vector<std::vector<int, std::allocator<int> >, std::allocator<std::vector<int, std::allocator<int> > > > >, __gnu_cxx::__normal_iterator<std::vector<int, std::allocator<int> > const*, std::vector<std::vector<int, std::allocator<int> >, std::allocator<std::vector<int, std::allocator<int> > > > >, std::vector<int, std::allocator<int> >*) (in /home/soulares/UnB/MP/T2/MP_T2/testa_rainhas)
==3428==    by 0x1D256F: std::vector<int, std::allocator<int> >* std::uninitialized_copy<__gnu_cxx::__normal_iterator<std::vector<int, std::allocator<int> > const*, std::vector<std::vector<int, std::allocator<int> >, std::allocator<std::vector<int, std::allocator<int> > > > >, std::vector<int, std::allocator<int> >*>(__gnu_cxx::__normal_iterator<std::vector<int, std::allocator<int> > const*, std::vector<std::vector<int, std::allocator<int> >, std::allocator<std::vector<int, std::allocator<int> > > > >, __gnu_cxx::__normal_iterator<std::vector<int, std::allocator<int> > const*, std::vector<std::vector<int, std::allocator<int> >, std::allocator<std::vector<int, std::allocator<int> > > > >, std::vector<int, std::allocator<int> >*) (in /home/soulares/UnB/MP/T2/MP_T2/testa_rainhas)
==3428==    by 0x1D18B6: std::vector<int, std::allocator<int> >* std::__uninitialized_copy_a<__gnu_cxx::__normal_iterator<std::vector<int, std::allocator<int> > const*, std::vector<std::vector<int, std::allocator<int> >, std::allocator<std::vector<int, std::allocator<int> > > > >, std::vector<int, std::allocator<int> >*, std::vector<int, std::allocator<int> > >(__gnu_cxx::__normal_iterator<std::vector<int, std::allocator<int> > const*, std::vector<std::vector<int, std::allocator<int> >, std::allocator<std::vector<int, std::allocator<int> > > > >, __gnu_cxx::__normal_iterator<std::vector<int, std::allocator<int> > const*, std::vector<std::vector<int, std::allocator<int> >, std::allocator<std::vector<int, std::allocator<int> > > > >, std::vector<int, std::allocator<int> >*, std::allocator<std::vector<int, std::allocator<int> > >&) (in /home/soulares/UnB/MP/T2/MP_T2/testa_rainhas)
==3428==    by 0x1D0C80: std::vector<std::vector<int, std::allocator<int> >, std::allocator<std::vector<int, std::allocator<int> > > >::vector(std::vector<std::vector<int, std::allocator<int> >, std::allocator<std::vector<int, std::allocator<int> > > > const&) (in /home/soulares/UnB/MP/T2/MP_T2/testa_rainhas)
==3428== 
==3428== Invalid read of size 4
==3428==    at 0x1CF38B: checa_ataque(std::vector<std::vector<int, std::allocator<int> >, std::allocator<std::vector<int, std::allocator<int> > > >, std::__cxx11::basic_string<char, std::char_traits<char>, std::allocator<char> >) (in /home/soulares/UnB/MP/T2/MP_T2/testa_rainhas)
==3428==    by 0x1D02A3: checa_rainha(std::__cxx11::basic_string<char, std::char_traits<char>, std::allocator<char> >) (in /home/soulares/UnB/MP/T2/MP_T2/testa_rainhas)
==3428==    by 0x22DDAC: ____C_A_T_C_H____T_E_S_T____14() (testa_rainhas.cpp:36)
==3428==    by 0x204943: Catch::TestInvokerAsFunction::invoke() const (catch.hpp:14321)
==3428==    by 0x202C0C: Catch::TestCase::invoke() const (catch.hpp:14160)
==3428==    by 0x1F6C93: Catch::RunContext::invokeActiveTestCase() (catch.hpp:13020)
==3428==    by 0x1F661B: Catch::RunContext::runCurrentTest(std::__cxx11::basic_string<char, std::char_traits<char>, std::allocator<char> >&, std::__cxx11::basic_string<char, std::char_traits<char>, std::allocator<char> >&) (catch.hpp:12993)
==3428==    by 0x1F401B: Catch::RunContext::runTest(Catch::TestCase const&) (catch.hpp:12754)
==3428==    by 0x1F9EAB: Catch::(anonymous namespace)::TestGroup::execute() (catch.hpp:13347)
==3428==    by 0x1FCB89: Catch::Session::runInternal() (catch.hpp:13553)
==3428==    by 0x1FC55D: Catch::Session::run() (catch.hpp:13509)
==3428==    by 0x27E98C: int Catch::Session::run<char>(int, char const* const*) (catch.hpp:13231)
==3428==  Address 0x4e7517c is 4 bytes before a block of size 32 alloc'd
==3428==    at 0x4849013: operator new(unsigned long) (in /usr/libexec/valgrind/vgpreload_memcheck-amd64-linux.so)
==3428==    by 0x1D35AB: __gnu_cxx::new_allocator<int>::allocate(unsigned long, void const*) (in /home/soulares/UnB/MP/T2/MP_T2/testa_rainhas)
==3428==    by 0x1D2F30: std::allocator_traits<std::allocator<int> >::allocate(std::allocator<int>&, unsigned long) (in /home/soulares/UnB/MP/T2/MP_T2/testa_rainhas)
==3428==    by 0x1D2761: std::_Vector_base<int, std::allocator<int> >::_M_allocate(unsigned long) (in /home/soulares/UnB/MP/T2/MP_T2/testa_rainhas)
==3428==    by 0x1D3732: std::_Vector_base<int, std::allocator<int> >::_M_create_storage(unsigned long) (in /home/soulares/UnB/MP/T2/MP_T2/testa_rainhas)
==3428==    by 0x1D3162: std::_Vector_base<int, std::allocator<int> >::_Vector_base(unsigned long, std::allocator<int> const&) (in /home/soulares/UnB/MP/T2/MP_T2/testa_rainhas)
==3428==    by 0x1D2B64: std::vector<int, std::allocator<int> >::vector(std::vector<int, std::allocator<int> > const&) (in /home/soulares/UnB/MP/T2/MP_T2/testa_rainhas)
==3428==    by 0x1D34B9: void std::_Construct<std::vector<int, std::allocator<int> >, std::vector<int, std::allocator<int> > const&>(std::vector<int, std::allocator<int> >*, std::vector<int, std::allocator<int> > const&) (in /home/soulares/UnB/MP/T2/MP_T2/testa_rainhas)
==3428==    by 0x1D2DD3: std::vector<int, std::allocator<int> >* std::__uninitialized_copy<false>::__uninit_copy<__gnu_cxx::__normal_iterator<std::vector<int, std::allocator<int> > const*, std::vector<std::vector<int, std::allocator<int> >, std::allocator<std::vector<int, std::allocator<int> > > > >, std::vector<int, std::allocator<int> >*>(__gnu_cxx::__normal_iterator<std::vector<int, std::allocator<int> > const*, std::vector<std::vector<int, std::allocator<int> >, std::allocator<std::vector<int, std::allocator<int> > > > >, __gnu_cxx::__normal_iterator<std::vector<int, std::allocator<int> > const*, std::vector<std::vector<int, std::allocator<int> >, std::allocator<std::vector<int, std::allocator<int> > > > >, std::vector<int, std::allocator<int> >*) (in /home/soulares/UnB/MP/T2/MP_T2/testa_rainhas)
==3428==    by 0x1D256F: std::vector<int, std::allocator<int> >* std::uninitialized_copy<__gnu_cxx::__normal_iterator<std::vector<int, std::allocator<int> > const*, std::vector<std::vector<int, std::allocator<int> >, std::allocator<std::vector<int, std::allocator<int> > > > >, std::vector<int, std::allocator<int> >*>(__gnu_cxx::__normal_iterator<std::vector<int, std::allocator<int> > const*, std::vector<std::vector<int, std::allocator<int> >, std::allocator<std::vector<int, std::allocator<int> > > > >, __gnu_cxx::__normal_iterator<std::vector<int, std::allocator<int> > const*, std::vector<std::vector<int, std::allocator<int> >, std::allocator<std::vector<int, std::allocator<int> > > > >, std::vector<int, std::allocator<int> >*) (in /home/soulares/UnB/MP/T2/MP_T2/testa_rainhas)
==3428==    by 0x1D18B6: std::vector<int, std::allocator<int> >* std::__uninitialized_copy_a<__gnu_cxx::__normal_iterator<std::vector<int, std::allocator<int> > const*, std::vector<std::vector<int, std::allocator<int> >, std::allocator<std::vector<int, std::allocator<int> > > > >, std::vector<int, std::allocator<int> >*, std::vector<int, std::allocator<int> > >(__gnu_cxx::__normal_iterator<std::vector<int, std::allocator<int> > const*, std::vector<std::vector<int, std::allocator<int> >, std::allocator<std::vector<int, std::allocator<int> > > > >, __gnu_cxx::__normal_iterator<std::vector<int, std::allocator<int> > const*, std::vector<std::vector<int, std::allocator<int> >, std::allocator<std::vector<int, std::allocator<int> > > > >, std::vector<int, std::allocator<int> >*, std::allocator<std::vector<int, std::allocator<int> > >&) (in /home/soulares/UnB/MP/T2/MP_T2/testa_rainhas)
==3428==    by 0x1D0C80: std::vector<std::vector<int, std::allocator<int> >, std::allocator<std::vector<int, std::allocator<int> > > >::vector(std::vector<std::vector<int, std::allocator<int> >, std::allocator<std::vector<int, std::allocator<int> > > > const&) (in /home/soulares/UnB/MP/T2/MP_T2/testa_rainhas)
==3428== 
==3428== Invalid read of size 4
==3428==    at 0x1CED27: checa_ataque(std::vector<std::vector<int, std::allocator<int> >, std::allocator<std::vector<int, std::allocator<int> > > >, std::__cxx11::basic_string<char, std::char_traits<char>, std::allocator<char> >) (in /home/soulares/UnB/MP/T2/MP_T2/testa_rainhas)
==3428==    by 0x1D02A3: checa_rainha(std::__cxx11::basic_string<char, std::char_traits<char>, std::allocator<char> >) (in /home/soulares/UnB/MP/T2/MP_T2/testa_rainhas)
==3428==    by 0x22E274: ____C_A_T_C_H____T_E_S_T____16() (testa_rainhas.cpp:40)
==3428==    by 0x204943: Catch::TestInvokerAsFunction::invoke() const (catch.hpp:14321)
==3428==    by 0x202C0C: Catch::TestCase::invoke() const (catch.hpp:14160)
==3428==    by 0x1F6C93: Catch::RunContext::invokeActiveTestCase() (catch.hpp:13020)
==3428==    by 0x1F661B: Catch::RunContext::runCurrentTest(std::__cxx11::basic_string<char, std::char_traits<char>, std::allocator<char> >&, std::__cxx11::basic_string<char, std::char_traits<char>, std::allocator<char> >&) (catch.hpp:12993)
==3428==    by 0x1F401B: Catch::RunContext::runTest(Catch::TestCase const&) (catch.hpp:12754)
==3428==    by 0x1F9EAB: Catch::(anonymous namespace)::TestGroup::execute() (catch.hpp:13347)
==3428==    by 0x1FCB89: Catch::Session::runInternal() (catch.hpp:13553)
==3428==    by 0x1FC55D: Catch::Session::run() (catch.hpp:13509)
==3428==    by 0x27E98C: int Catch::Session::run<char>(int, char const* const*) (catch.hpp:13231)
==3428==  Address 0x4e7acf0 is 0 bytes after a block of size 32 alloc'd
==3428==    at 0x4849013: operator new(unsigned long) (in /usr/libexec/valgrind/vgpreload_memcheck-amd64-linux.so)
==3428==    by 0x1D35AB: __gnu_cxx::new_allocator<int>::allocate(unsigned long, void const*) (in /home/soulares/UnB/MP/T2/MP_T2/testa_rainhas)
==3428==    by 0x1D2F30: std::allocator_traits<std::allocator<int> >::allocate(std::allocator<int>&, unsigned long) (in /home/soulares/UnB/MP/T2/MP_T2/testa_rainhas)
==3428==    by 0x1D2761: std::_Vector_base<int, std::allocator<int> >::_M_allocate(unsigned long) (in /home/soulares/UnB/MP/T2/MP_T2/testa_rainhas)
==3428==    by 0x1D3732: std::_Vector_base<int, std::allocator<int> >::_M_create_storage(unsigned long) (in /home/soulares/UnB/MP/T2/MP_T2/testa_rainhas)
==3428==    by 0x1D3162: std::_Vector_base<int, std::allocator<int> >::_Vector_base(unsigned long, std::allocator<int> const&) (in /home/soulares/UnB/MP/T2/MP_T2/testa_rainhas)
==3428==    by 0x1D2B64: std::vector<int, std::allocator<int> >::vector(std::vector<int, std::allocator<int> > const&) (in /home/soulares/UnB/MP/T2/MP_T2/testa_rainhas)
==3428==    by 0x1D34B9: void std::_Construct<std::vector<int, std::allocator<int> >, std::vector<int, std::allocator<int> > const&>(std::vector<int, std::allocator<int> >*, std::vector<int, std::allocator<int> > const&) (in /home/soulares/UnB/MP/T2/MP_T2/testa_rainhas)
==3428==    by 0x1D2DD3: std::vector<int, std::allocator<int> >* std::__uninitialized_copy<false>::__uninit_copy<__gnu_cxx::__normal_iterator<std::vector<int, std::allocator<int> > const*, std::vector<std::vector<int, std::allocator<int> >, std::allocator<std::vector<int, std::allocator<int> > > > >, std::vector<int, std::allocator<int> >*>(__gnu_cxx::__normal_iterator<std::vector<int, std::allocator<int> > const*, std::vector<std::vector<int, std::allocator<int> >, std::allocator<std::vector<int, std::allocator<int> > > > >, __gnu_cxx::__normal_iterator<std::vector<int, std::allocator<int> > const*, std::vector<std::vector<int, std::allocator<int> >, std::allocator<std::vector<int, std::allocator<int> > > > >, std::vector<int, std::allocator<int> >*) (in /home/soulares/UnB/MP/T2/MP_T2/testa_rainhas)
==3428==    by 0x1D256F: std::vector<int, std::allocator<int> >* std::uninitialized_copy<__gnu_cxx::__normal_iterator<std::vector<int, std::allocator<int> > const*, std::vector<std::vector<int, std::allocator<int> >, std::allocator<std::vector<int, std::allocator<int> > > > >, std::vector<int, std::allocator<int> >*>(__gnu_cxx::__normal_iterator<std::vector<int, std::allocator<int> > const*, std::vector<std::vector<int, std::allocator<int> >, std::allocator<std::vector<int, std::allocator<int> > > > >, __gnu_cxx::__normal_iterator<std::vector<int, std::allocator<int> > const*, std::vector<std::vector<int, std::allocator<int> >, std::allocator<std::vector<int, std::allocator<int> > > > >, std::vector<int, std::allocator<int> >*) (in /home/soulares/UnB/MP/T2/MP_T2/testa_rainhas)
==3428==    by 0x1D18B6: std::vector<int, std::allocator<int> >* std::__uninitialized_copy_a<__gnu_cxx::__normal_iterator<std::vector<int, std::allocator<int> > const*, std::vector<std::vector<int, std::allocator<int> >, std::allocator<std::vector<int, std::allocator<int> > > > >, std::vector<int, std::allocator<int> >*, std::vector<int, std::allocator<int> > >(__gnu_cxx::__normal_iterator<std::vector<int, std::allocator<int> > const*, std::vector<std::vector<int, std::allocator<int> >, std::allocator<std::vector<int, std::allocator<int> > > > >, __gnu_cxx::__normal_iterator<std::vector<int, std::allocator<int> > const*, std::vector<std::vector<int, std::allocator<int> >, std::allocator<std::vector<int, std::allocator<int> > > > >, std::vector<int, std::allocator<int> >*, std::allocator<std::vector<int, std::allocator<int> > >&) (in /home/soulares/UnB/MP/T2/MP_T2/testa_rainhas)
==3428==    by 0x1D0C80: std::vector<std::vector<int, std::allocator<int> >, std::allocator<std::vector<int, std::allocator<int> > > >::vector(std::vector<std::vector<int, std::allocator<int> >, std::allocator<std::vector<int, std::allocator<int> > > > const&) (in /home/soulares/UnB/MP/T2/MP_T2/testa_rainhas)
==3428== 
==3428== 
==3428== HEAP SUMMARY:
==3428==     in use at exit: 0 bytes in 0 blocks
==3428==   total heap usage: 2,969 allocs, 2,969 frees, 582,327 bytes allocated
==3428== 
==3428== All heap blocks were freed -- no leaks are possible
==3428== 
==3428== For lists of detected and suppressed errors, rerun with: -s
==3428== ERROR SUMMARY: 42 errors from 6 contexts (suppressed: 0 from 0)
